<?xml version="1.0" encoding="UTF-8"?>
<!-- Generated by org.testng.reporters.JUnitXMLReporter -->
<testsuite ignored="0" hostname="Abhishek" failures="0" tests="6" name="Default test" time="27.089" errors="0" timestamp="2023-06-22T11:08:29 EDT">
  <testcase classname="testlayer.LoginTestClass" name="titlemethod" time="0.013"/>
  <testcase classname="testlayer.LoginTestClass" name="loginmethod" time="0.605"/>
  <testcase classname="testlayer.LoginTestClass" name="loginmethod" time="0.563"/>
  <testcase classname="testlayer.LoginTestClass" name="loginmethod" time="0.601"/>
  <testcase classname="testlayer.LoginTestClass" name="loginmethod" time="0.625"/>
  <testcase classname="testlayer.LoginTestClass" name="loginmethod" time="0.537"/>
</testsuite> <!-- Default test -->
