<?xml version="1.0" encoding="UTF-8"?>
<!-- Generated by org.testng.reporters.JUnitXMLReporter -->
<testsuite ignored="0" hostname="Abhishek" failures="0" tests="6" name="TestNG" time="30.525" errors="0" timestamp="2023-06-22T11:21:13 EDT">
  <testcase classname="testlayer.LoginTestClass" name="titlemethod" time="0.013"/>
  <testcase classname="testlayer.LoginTestClass" name="loginmethod" time="0.542"/>
  <testcase classname="testlayer.LoginTestClass" name="loginmethod" time="0.575"/>
  <testcase classname="testlayer.LoginTestClass" name="loginmethod" time="0.599"/>
  <testcase classname="testlayer.LoginTestClass" name="loginmethod" time="0.561"/>
  <testcase classname="testlayer.LoginTestClass" name="loginmethod" time="0.553"/>
</testsuite> <!-- TestNG -->
